{"meta": {"format": 3, "version": "7.8.0", "timestamp": "2025-04-08T09:57:01.875377", "branch_coverage": true, "show_contexts": false}, "files": {"to_test/strong_password_checker.py": {"executed_lines": [16, 17, 18, 19, 20, 21, 22, 25, 26, 27, 29, 30, 31, 32, 33, 34, 35, 37, 38, 39, 41, 44, 45, 46, 47, 49, 50, 51, 52, 54], "summary": {"covered_lines": 30, "num_statements": 31, "percent_covered": 97.95918367346938, "percent_covered_display": "98", "missing_lines": 1, "excluded_lines": 0, "num_branches": 18, "num_partial_branches": 0, "covered_branches": 18, "missing_branches": 0}, "missing_lines": [3], "excluded_lines": [], "executed_branches": [[17, 18], [17, 19], [19, 20], [19, 21], [21, 22], [21, 25], [30, 31], [30, 44], [31, 32], [31, 41], [33, 34], [33, 37], [38, 30], [38, 39], [44, 45], [44, 46], [46, 47], [46, 49]], "missing_branches": [], "functions": {"strong_password_checker": {"executed_lines": [16, 17, 18, 19, 20, 21, 22, 25, 26, 27, 29, 30, 31, 32, 33, 34, 35, 37, 38, 39, 41, 44, 45, 46, 47, 49, 50, 51, 52, 54], "summary": {"covered_lines": 30, "num_statements": 30, "percent_covered": 100.0, "percent_covered_display": "100", "missing_lines": 0, "excluded_lines": 0, "num_branches": 18, "num_partial_branches": 0, "covered_branches": 18, "missing_branches": 0}, "missing_lines": [], "excluded_lines": [], "executed_branches": [[17, 18], [17, 19], [19, 20], [19, 21], [21, 22], [21, 25], [30, 31], [30, 44], [31, 32], [31, 41], [33, 34], [33, 37], [38, 30], [38, 39], [44, 45], [44, 46], [46, 47], [46, 49]], "missing_branches": []}, "": {"executed_lines": [], "summary": {"covered_lines": 0, "num_statements": 1, "percent_covered": 0.0, "percent_covered_display": "0", "missing_lines": 1, "excluded_lines": 0, "num_branches": 0, "num_partial_branches": 0, "covered_branches": 0, "missing_branches": 0}, "missing_lines": [3], "excluded_lines": [], "executed_branches": [], "missing_branches": []}}, "classes": {"": {"executed_lines": [16, 17, 18, 19, 20, 21, 22, 25, 26, 27, 29, 30, 31, 32, 33, 34, 35, 37, 38, 39, 41, 44, 45, 46, 47, 49, 50, 51, 52, 54], "summary": {"covered_lines": 30, "num_statements": 31, "percent_covered": 97.95918367346938, "percent_covered_display": "98", "missing_lines": 1, "excluded_lines": 0, "num_branches": 18, "num_partial_branches": 0, "covered_branches": 18, "missing_branches": 0}, "missing_lines": [3], "excluded_lines": [], "executed_branches": [[17, 18], [17, 19], [19, 20], [19, 21], [21, 22], [21, 25], [30, 31], [30, 44], [31, 32], [31, 41], [33, 34], [33, 37], [38, 30], [38, 39], [44, 45], [44, 46], [46, 47], [46, 49]], "missing_branches": []}}}}, "totals": {"covered_lines": 30, "num_statements": 31, "percent_covered": 97.95918367346938, "percent_covered_display": "98", "missing_lines": 1, "excluded_lines": 0, "num_branches": 18, "num_partial_branches": 0, "covered_branches": 18, "missing_branches": 0}}